Sat Apr 5 23:33:47 HKT 2014
{"players":[{"id":"5340225b1c126","name":"ddd","dname":"ddd","rid":0,"state":0,"playerno":null,"money":1500,"offset":0}],"act":"userinfo"}
Sat Apr 5 23:34:50 HKT 2014
{"players":[{"id":"5340225b1c126","name":"ddd","dname":"ddd","rid":0,"state":0,"playerno":null,"money":1500,"offset":0},{"id":"5340229ac91ee","name":"aaa","dname":"aaa","rid":0,"state":0,"playerno":null,"money":1500,"offset":0}],"act":"userinfo"}
Sat Apr 5 23:35:37 HKT 2014
{"players":[{"id":"5340225b1c126","name":"ddd","dname":"ddd","rid":0,"state":0,"playerno":null,"money":1500,"offset":0}],"act":"userinfo"}
Sat Apr 5 23:35:38 HKT 2014
{"players":[{"id":"5340225b1c126","name":"ddd","dname":"ddd","rid":0,"state":0,"playerno":null,"money":1500,"offset":0},{"id":"534022ca4a6bc","name":"aaa","dname":"aaa","rid":0,"state":0,"playerno":null,"money":1500,"offset":0}],"act":"userinfo"}
Sat Apr 5 23:36:08 HKT 2014
{"players":[{"id":"5340225b1c126","name":"ddd","dname":"ddd","rid":0,"state":0,"playerno":null,"money":1500,"offset":0}],"act":"userinfo"}
Sat Apr 5 23:36:09 HKT 2014
{"players":[{"id":"5340225b1c126","name":"ddd","dname":"ddd","rid":0,"state":0,"playerno":null,"money":1500,"offset":0},{"id":"534022e91b6d9","name":"aaa","dname":"aaa","rid":0,"state":0,"playerno":null,"money":1500,"offset":0}],"act":"userinfo"}
Sat Apr 5 23:36:15 HKT 2014
{"players":[{"id":"5340225b1c126","name":"ddd","dname":"ddd","rid":0,"state":0,"playerno":null,"money":1500,"offset":0}],"act":"userinfo"}
Sat Apr 5 23:36:16 HKT 2014
{"players":[{"id":"5340225b1c126","name":"ddd","dname":"ddd","rid":0,"state":0,"playerno":null,"money":1500,"offset":0},{"id":"534022efdf619","name":"aaa","dname":"aaa","rid":0,"state":0,"playerno":null,"money":1500,"offset":0}],"act":"userinfo"}
Sat Apr 5 23:36:36 HKT 2014
{"players":[{"id":"5340225b1c126","name":"ddd","dname":"ddd","rid":0,"state":0,"playerno":null,"money":1500,"offset":0}],"act":"userinfo"}
Sat Apr 5 23:36:37 HKT 2014
{"players":[{"id":"5340225b1c126","name":"ddd","dname":"ddd","rid":0,"state":0,"playerno":null,"money":1500,"offset":0},{"id":"5340230557bf6","name":"aaa","dname":"aaa","rid":0,"state":0,"playerno":null,"money":1500,"offset":0}],"act":"userinfo"}
Sat Apr 5 23:37:00 HKT 2014
{"players":[{"id":"5340225b1c126","name":"ddd","dname":"ddd","rid":0,"state":0,"playerno":null,"money":1500,"offset":0}],"act":"userinfo"}
Sat Apr 5 23:37:00 HKT 2014
{"players":[{"id":"5340225b1c126","name":"ddd","dname":"ddd","rid":0,"state":0,"playerno":null,"money":1500,"offset":0},{"id":"5340231c66e82","name":"aaa","dname":"aaa","rid":0,"state":0,"playerno":null,"money":1500,"offset":0}],"act":"userinfo"}
Sat Apr 5 23:47:10 HKT 2014
{"players":[{"id":"5340225b1c126","name":"ddd","dname":"ddd","rid":0,"state":0,"playerno":null,"money":1500,"offset":0}],"act":"userinfo"}
Sat Apr 5 23:47:11 HKT 2014
{"players":[{"id":"5340225b1c126","name":"ddd","dname":"ddd","rid":0,"state":0,"playerno":null,"money":1500,"offset":0},{"id":"5340257ee9c58","name":"aaa","dname":"aaa","rid":0,"state":0,"playerno":null,"money":1500,"offset":0}],"act":"userinfo"}
Sat Apr 5 23:47:48 HKT 2014
{"players":[{"id":"5340225b1c126","name":"ddd","dname":"ddd","rid":0,"state":0,"playerno":null,"money":1500,"offset":0}],"act":"userinfo"}
Sat Apr 5 23:47:49 HKT 2014
{"players":[{"id":"5340225b1c126","name":"ddd","dname":"ddd","rid":0,"state":0,"playerno":null,"money":1500,"offset":0},{"id":"534025a51bd82","name":"aaa","dname":"aaa","rid":0,"state":0,"playerno":null,"money":1500,"offset":0}],"act":"userinfo"}
Sat Apr 5 23:48:16 HKT 2014
{"players":[{"id":"5340225b1c126","name":"ddd","dname":"ddd","rid":0,"state":0,"playerno":null,"money":1500,"offset":0}],"act":"userinfo"}
Sat Apr 5 23:48:16 HKT 2014
{"players":[{"id":"5340225b1c126","name":"ddd","dname":"ddd","rid":0,"state":0,"playerno":null,"money":1500,"offset":0},{"id":"534025c0aa3f6","name":"aaa","dname":"aaa","rid":0,"state":0,"playerno":null,"money":1500,"offset":0}],"act":"userinfo"}
Sat Apr 5 23:48:43 HKT 2014
{"players":[{"id":"534025c0aa3f6","name":"aaa","dname":"aaa","rid":0,"state":0,"playerno":null,"money":1500,"offset":0}],"act":"userinfo"}
Sat Apr 5 23:48:44 HKT 2014
{"players":[{"id":"534025dc25973","name":null,"dname":null,"rid":0,"state":0,"playerno":null,"money":1500,"offset":0}],"act":"userinfo"}
Sat Apr 5 23:48:44 HKT 2014
{"players":[{"id":"534025dc25973","name":"aaa","dname":"aaa","rid":0,"state":0,"playerno":null,"money":1500,"offset":0}],"act":"userinfo"}
Sat Apr 5 23:48:54 HKT 2014
{"players":[],"act":"userinfo"}
Sat Apr 5 23:48:58 HKT 2014
{"players":[{"id":"534025ea7c160","name":"ddd","dname":"ddd234234","rid":0,"state":0,"playerno":null,"money":1500,"offset":0}],"act":"userinfo"}
Sat Apr 5 23:49:04 HKT 2014
{"players":[{"id":"534025ea7c160","name":"ddd","dname":"ddd234234","rid":0,"state":0,"playerno":null,"money":1500,"offset":0},{"id":"534025f0c71d2","name":"aaa","dname":"aaa","rid":0,"state":0,"playerno":null,"money":1500,"offset":0}],"act":"userinfo"}
Sat Apr 5 23:49:40 HKT 2014
{"players":[{"id":"534025ea7c160","name":"ddd","dname":"ddd234234","rid":0,"state":0,"playerno":null,"money":1500,"offset":0}],"act":"userinfo"}
Sat Apr 5 23:49:41 HKT 2014
{"players":[{"id":"534025ea7c160","name":"ddd","dname":"ddd234234","rid":0,"state":0,"playerno":null,"money":1500,"offset":0},{"id":"534026152fc0a","name":"aaa","dname":"aaa","rid":0,"state":0,"playerno":null,"money":1500,"offset":0}],"act":"userinfo"}
