Fri Mar 7 15:22:26 HKT 2014
{"players":[{"id":"531973b237a58","name":"123","rid":0,"state":0,"playerno":null,"money":1500,"offset":0}],"act":"userinfo"}
Fri Mar 7 15:23:01 HKT 2014
{"players":[],"act":"userinfo"}
Fri Mar 7 15:23:02 HKT 2014
{"players":[{"id":"531973d62da69","name":"123","rid":0,"state":0,"playerno":null,"money":1500,"offset":0}],"act":"userinfo"}
Fri Mar 7 15:23:02 HKT 2014
{"players":[],"act":"userinfo"}
Fri Mar 7 15:23:03 HKT 2014
{"players":[{"id":"531973d701790","name":"123","rid":0,"state":0,"playerno":null,"money":1500,"offset":0}],"act":"userinfo"}
Fri Mar 7 15:23:20 HKT 2014
{"players":[],"act":"userinfo"}
Fri Mar 7 15:23:20 HKT 2014
{"players":[{"id":"531973e8c92f3","name":"123","rid":0,"state":0,"playerno":null,"money":1500,"offset":0}],"act":"userinfo"}
Fri Mar 7 15:23:26 HKT 2014
{"players":[],"act":"userinfo"}
Fri Mar 7 15:23:31 HKT 2014
{"players":[{"id":"531973f379415","name":"123","rid":0,"state":0,"playerno":null,"money":1500,"offset":0}],"act":"userinfo"}
Fri Mar 7 15:23:47 HKT 2014
{"players":[],"act":"userinfo"}
Fri Mar 7 15:24:11 HKT 2014
{"players":[{"id":"5319741b5148c","name":"123","rid":0,"state":0,"playerno":null,"money":1500,"offset":0}],"act":"userinfo"}
Fri Mar 7 15:24:15 HKT 2014
{"players":[],"act":"userinfo"}
Fri Mar 7 15:24:15 HKT 2014
{"players":[{"id":"5319741f4698e","name":"123","rid":0,"state":0,"playerno":null,"money":1500,"offset":0}],"act":"userinfo"}
Fri Mar 7 15:24:33 HKT 2014
{"players":[],"act":"userinfo"}
Fri Mar 7 15:24:33 HKT 2014
{"players":[{"id":"53197431aa383","name":"123","rid":0,"state":0,"playerno":null,"money":1500,"offset":0}],"act":"userinfo"}
Fri Mar 7 15:49:32 HKT 2014
{"players":[],"act":"userinfo"}
Fri Mar 7 15:49:33 HKT 2014
{"players":[{"id":"53197a0d0d6c1","name":"123","rid":0,"state":0,"playerno":null,"money":1500,"offset":0}],"act":"userinfo"}
Fri Mar 7 15:51:12 HKT 2014
{"players":[],"act":"userinfo"}
Fri Mar 7 15:51:12 HKT 2014
{"players":[{"id":"53197a7075d68","name":"123","rid":0,"state":0,"playerno":null,"money":1500,"offset":0}],"act":"userinfo"}
Fri Mar 7 15:51:54 HKT 2014
{"players":[],"act":"userinfo"}
Fri Mar 7 15:51:55 HKT 2014
{"players":[{"id":"53197a9b15ff5","name":"123","rid":0,"state":0,"playerno":null,"money":1500,"offset":0}],"act":"userinfo"}
Fri Mar 7 15:52:14 HKT 2014
{"players":[],"act":"userinfo"}
Fri Mar 7 15:52:14 HKT 2014
{"players":[{"id":"53197aaee2dd4","name":"123","rid":0,"state":0,"playerno":null,"money":1500,"offset":0}],"act":"userinfo"}
Fri Mar 7 15:52:21 HKT 2014
{"players":[],"act":"userinfo"}
Fri Mar 7 15:52:21 HKT 2014
{"players":[{"id":"53197ab575d33","name":"123","rid":0,"state":0,"playerno":null,"money":1500,"offset":0}],"act":"userinfo"}
Fri Mar 7 15:52:32 HKT 2014
{"players":[],"act":"userinfo"}
Fri Mar 7 15:52:33 HKT 2014
{"players":[{"id":"53197ac11aec4","name":"123","rid":0,"state":0,"playerno":null,"money":1500,"offset":0}],"act":"userinfo"}
Fri Mar 7 15:54:06 HKT 2014
{"players":[],"act":"userinfo"}
Fri Mar 7 15:54:07 HKT 2014
{"players":[{"id":"53197b1f0b251","name":"123","rid":0,"state":0,"playerno":null,"money":1500,"offset":0}],"act":"userinfo"}
Fri Mar 7 15:54:32 HKT 2014
{"players":[],"act":"userinfo"}
Fri Mar 7 15:54:33 HKT 2014
{"players":[{"id":"53197b38ed94c","name":"123","rid":0,"state":0,"playerno":null,"money":1500,"offset":0}],"act":"userinfo"}
Fri Mar 7 15:54:42 HKT 2014
{"players":[],"act":"userinfo"}
Fri Mar 7 15:54:43 HKT 2014
{"players":[{"id":"53197b43c10df","name":"123","rid":0,"state":0,"playerno":null,"money":1500,"offset":0}],"act":"userinfo"}
Fri Mar 7 15:55:19 HKT 2014
{"players":[],"act":"userinfo"}
Fri Mar 7 15:55:20 HKT 2014
{"players":[{"id":"53197b68166b3","name":"123","rid":0,"state":0,"playerno":null,"money":1500,"offset":0}],"act":"userinfo"}
Fri Mar 7 15:56:20 HKT 2014
{"players":[],"act":"userinfo"}
Fri Mar 7 15:56:21 HKT 2014
{"players":[{"id":"53197ba55b63c","name":"123","rid":0,"state":0,"playerno":null,"money":1500,"offset":0}],"act":"userinfo"}
Fri Mar 7 15:57:35 HKT 2014
{"players":[],"act":"userinfo"}
Fri Mar 7 15:57:35 HKT 2014
{"players":[{"id":"53197befd7b8a","name":"123","rid":0,"state":0,"playerno":null,"money":1500,"offset":0}],"act":"userinfo"}
Fri Mar 7 16:01:13 HKT 2014
{"players":[],"act":"userinfo"}
Fri Mar 7 16:01:13 HKT 2014
{"players":[{"id":"53197cc97011e","name":"123","rid":0,"state":0,"playerno":null,"money":1500,"offset":0}],"act":"userinfo"}
Fri Mar 7 16:01:20 HKT 2014
{"players":[],"act":"userinfo"}
Fri Mar 7 16:01:22 HKT 2014
{"players":[{"id":"53197cd29aadb","name":"123","rid":0,"state":0,"playerno":null,"money":1500,"offset":0}],"act":"userinfo"}
Fri Mar 7 16:01:27 HKT 2014
{"players":[],"act":"userinfo"}
Fri Mar 7 16:01:27 HKT 2014
{"players":[{"id":"53197cd78b1f5","name":"123","rid":0,"state":0,"playerno":null,"money":1500,"offset":0}],"act":"userinfo"}
Fri Mar 7 16:01:43 HKT 2014
{"players":[],"act":"userinfo"}
Fri Mar 7 16:01:44 HKT 2014
{"players":[{"id":"53197ce84cdb3","name":"123","rid":0,"state":0,"playerno":null,"money":1500,"offset":0}],"act":"userinfo"}
Fri Mar 7 16:01:52 HKT 2014
{"players":[],"act":"userinfo"}
Fri Mar 7 16:01:53 HKT 2014
{"players":[{"id":"53197cf10a926","name":"123","rid":0,"state":0,"playerno":null,"money":1500,"offset":0}],"act":"userinfo"}
Fri Mar 7 16:02:41 HKT 2014
{"players":[],"act":"userinfo"}
Fri Mar 7 16:02:41 HKT 2014
{"players":[{"id":"53197d2172468","name":"123","rid":0,"state":0,"playerno":null,"money":1500,"offset":0}],"act":"userinfo"}
Fri Mar 7 16:03:43 HKT 2014
{"players":[],"act":"userinfo"}
Fri Mar 7 16:03:44 HKT 2014
{"players":[{"id":"53197d60555e5","name":"123","rid":0,"state":0,"playerno":null,"money":1500,"offset":0}],"act":"userinfo"}
Fri Mar 7 16:04:11 HKT 2014
{"players":[],"act":"userinfo"}
Fri Mar 7 16:04:11 HKT 2014
{"players":[{"id":"53197d7b71d2c","name":"123","rid":0,"state":0,"playerno":null,"money":1500,"offset":0}],"act":"userinfo"}
Fri Mar 7 16:04:59 HKT 2014
{"players":[],"act":"userinfo"}
Fri Mar 7 16:04:59 HKT 2014
{"players":[{"id":"53197dabc9a82","name":"123","rid":0,"state":0,"playerno":null,"money":1500,"offset":0}],"act":"userinfo"}
Fri Mar 7 16:06:55 HKT 2014
{"players":[],"act":"userinfo"}
Fri Mar 7 16:06:56 HKT 2014
{"players":[{"id":"53197e2020dee","name":"123","rid":0,"state":0,"playerno":null,"money":1500,"offset":0}],"act":"userinfo"}
Fri Mar 7 16:07:22 HKT 2014
{"players":[],"act":"userinfo"}
Fri Mar 7 16:07:22 HKT 2014
{"players":[{"id":"53197e3adbc49","name":"123","rid":0,"state":0,"playerno":null,"money":1500,"offset":0}],"act":"userinfo"}
Fri Mar 7 16:07:37 HKT 2014
{"players":[],"act":"userinfo"}
Fri Mar 7 16:07:37 HKT 2014
{"players":[{"id":"53197e498aeb0","name":"123","rid":0,"state":0,"playerno":null,"money":1500,"offset":0}],"act":"userinfo"}
Fri Mar 7 16:08:11 HKT 2014
{"players":[],"act":"userinfo"}
Fri Mar 7 16:08:11 HKT 2014
{"players":[{"id":"53197e6b5c06e","name":"123","rid":0,"state":0,"playerno":null,"money":1500,"offset":0}],"act":"userinfo"}
Fri Mar 7 16:08:18 HKT 2014
{"players":[],"act":"userinfo"}
Fri Mar 7 16:08:19 HKT 2014
{"players":[{"id":"53197e72f2091","name":"123","rid":0,"state":0,"playerno":null,"money":1500,"offset":0}],"act":"userinfo"}
Fri Mar 7 16:08:38 HKT 2014
{"players":[],"act":"userinfo"}
Fri Mar 7 16:08:39 HKT 2014
{"players":[{"id":"53197e8748e2b","name":"123","rid":0,"state":0,"playerno":null,"money":1500,"offset":0}],"act":"userinfo"}
Fri Mar 7 16:09:01 HKT 2014
{"players":[],"act":"userinfo"}
Fri Mar 7 16:09:01 HKT 2014
{"players":[{"id":"53197e9d5eec2","name":"123","rid":0,"state":0,"playerno":null,"money":1500,"offset":0}],"act":"userinfo"}
Fri Mar 7 16:09:24 HKT 2014
{"players":[],"act":"userinfo"}
Fri Mar 7 16:09:25 HKT 2014
{"players":[{"id":"53197eb52b40b","name":"123","rid":0,"state":0,"playerno":null,"money":1500,"offset":0}],"act":"userinfo"}
Fri Mar 7 16:09:34 HKT 2014
{"players":[],"act":"userinfo"}
Fri Mar 7 16:09:34 HKT 2014
{"players":[{"id":"53197ebe6f026","name":"123","rid":0,"state":0,"playerno":null,"money":1500,"offset":0}],"act":"userinfo"}
Fri Mar 7 16:10:07 HKT 2014
{"players":[],"act":"userinfo"}
Fri Mar 7 16:10:07 HKT 2014
{"players":[{"id":"53197edfb1645","name":"123","rid":0,"state":0,"playerno":null,"money":1500,"offset":0}],"act":"userinfo"}
Fri Mar 7 16:10:26 HKT 2014
{"players":[],"act":"userinfo"}
Fri Mar 7 16:10:26 HKT 2014
{"players":[{"id":"53197ef26ada3","name":"123","rid":0,"state":0,"playerno":null,"money":1500,"offset":0}],"act":"userinfo"}
Fri Mar 7 16:10:45 HKT 2014
{"players":[],"act":"userinfo"}
Fri Mar 7 16:10:46 HKT 2014
{"players":[{"id":"53197f05f0ab9","name":"123","rid":0,"state":0,"playerno":null,"money":1500,"offset":0}],"act":"userinfo"}
Fri Mar 7 16:12:11 HKT 2014
{"players":[],"act":"userinfo"}
Fri Mar 7 16:12:11 HKT 2014
{"players":[{"id":"53197f5b95562","name":"123","rid":0,"state":0,"playerno":null,"money":1500,"offset":0}],"act":"userinfo"}
Fri Mar 7 16:12:53 HKT 2014
{"players":[],"act":"userinfo"}
Fri Mar 7 16:12:54 HKT 2014
{"players":[{"id":"53197f865c511","name":"123","rid":0,"state":0,"playerno":null,"money":1500,"offset":0}],"act":"userinfo"}
Fri Mar 7 16:13:01 HKT 2014
{"players":[],"act":"userinfo"}
Fri Mar 7 16:13:01 HKT 2014
{"players":[{"id":"53197f8dc98d3","name":"123","rid":0,"state":0,"playerno":null,"money":1500,"offset":0}],"act":"userinfo"}
Fri Mar 7 16:13:19 HKT 2014
{"players":[],"act":"userinfo"}
Fri Mar 7 16:13:21 HKT 2014
{"players":[{"id":"53197fa12a65d","name":"123","rid":0,"state":0,"playerno":null,"money":1500,"offset":0}],"act":"userinfo"}
Fri Mar 7 16:13:25 HKT 2014
{"players":[],"act":"userinfo"}
Fri Mar 7 16:13:25 HKT 2014
{"players":[{"id":"53197fa5ab1f8","name":"123","rid":0,"state":0,"playerno":null,"money":1500,"offset":0}],"act":"userinfo"}
Fri Mar 7 16:14:25 HKT 2014
{"players":[],"act":"userinfo"}
Fri Mar 7 16:14:26 HKT 2014
{"players":[{"id":"53197fe226e92","name":"123","rid":0,"state":0,"playerno":null,"money":1500,"offset":0}],"act":"userinfo"}
Fri Mar 7 16:14:39 HKT 2014
{"players":[],"act":"userinfo"}
Fri Mar 7 16:14:39 HKT 2014
{"players":[{"id":"53197fef94f63","name":"123","rid":0,"state":0,"playerno":null,"money":1500,"offset":0}],"act":"userinfo"}
Fri Mar 7 16:14:57 HKT 2014
{"players":[],"act":"userinfo"}
Fri Mar 7 16:14:58 HKT 2014
{"players":[{"id":"531980020e743","name":"123","rid":0,"state":0,"playerno":null,"money":1500,"offset":0}],"act":"userinfo"}
Fri Mar 7 16:17:21 HKT 2014
{"players":[],"act":"userinfo"}
Fri Mar 7 16:17:21 HKT 2014
{"players":[{"id":"531980917d580","name":"123","rid":0,"state":0,"playerno":null,"money":1500,"offset":0}],"act":"userinfo"}
Fri Mar 7 16:18:19 HKT 2014
{"players":[],"act":"userinfo"}
Fri Mar 7 16:18:19 HKT 2014
{"players":[{"id":"531980cb64847","name":"123","rid":0,"state":0,"playerno":null,"money":1500,"offset":0}],"act":"userinfo"}
Fri Mar 7 16:19:16 HKT 2014
{"players":[],"act":"userinfo"}
Fri Mar 7 16:19:16 HKT 2014
{"players":[{"id":"531981046494c","name":"123","rid":0,"state":0,"playerno":null,"money":1500,"offset":0}],"act":"userinfo"}
Fri Mar 7 16:19:22 HKT 2014
{"players":[],"act":"userinfo"}
Fri Mar 7 16:19:22 HKT 2014
{"players":[{"id":"5319810ade027","name":"123","rid":0,"state":0,"playerno":null,"money":1500,"offset":0}],"act":"userinfo"}
Fri Mar 7 16:19:53 HKT 2014
{"players":[],"act":"userinfo"}
Fri Mar 7 16:19:53 HKT 2014
{"players":[{"id":"53198129a687f","name":"123","rid":0,"state":0,"playerno":null,"money":1500,"offset":0}],"act":"userinfo"}
Fri Mar 7 16:20:16 HKT 2014
{"players":[],"act":"userinfo"}
Fri Mar 7 16:20:17 HKT 2014
{"players":[{"id":"53198141218ed","name":"123","rid":0,"state":0,"playerno":null,"money":1500,"offset":0}],"act":"userinfo"}
Fri Mar 7 16:20:42 HKT 2014
{"players":[],"act":"userinfo"}
Fri Mar 7 16:20:42 HKT 2014
{"players":[{"id":"5319815aa5fea","name":"123","rid":0,"state":0,"playerno":null,"money":1500,"offset":0}],"act":"userinfo"}
Fri Mar 7 16:20:49 HKT 2014
{"players":[],"act":"userinfo"}
Fri Mar 7 16:20:49 HKT 2014
{"players":[{"id":"53198161540e7","name":"123","rid":0,"state":0,"playerno":null,"money":1500,"offset":0}],"act":"userinfo"}
Fri Mar 7 16:20:57 HKT 2014
{"players":[],"act":"userinfo"}
Fri Mar 7 16:21:08 HKT 2014
{"players":[{"id":"531981745b287","name":"acac","rid":0,"state":0,"playerno":null,"money":1500,"offset":0}],"act":"userinfo"}
Fri Mar 7 16:21:12 HKT 2014
{"players":[],"act":"userinfo"}
Fri Mar 7 16:21:14 HKT 2014
{"players":[{"id":"53198179f29a9","name":"acac","rid":0,"state":0,"playerno":null,"money":1500,"offset":0}],"act":"userinfo"}
Fri Mar 7 16:21:42 HKT 2014
{"players":[],"act":"userinfo"}
Fri Mar 7 16:21:43 HKT 2014
{"players":[{"id":"5319819730eb7","name":"acac","rid":0,"state":0,"playerno":null,"money":1500,"offset":0}],"act":"userinfo"}
Fri Mar 7 16:21:48 HKT 2014
{"players":[],"act":"userinfo"}
Fri Mar 7 16:21:48 HKT 2014
{"players":[{"id":"5319819c88e2a","name":"acac","rid":0,"state":0,"playerno":null,"money":1500,"offset":0}],"act":"userinfo"}
Fri Mar 7 16:22:01 HKT 2014
{"act":"chatroommsg","uname":"acac","stime":"16:22","sendcontent":"dfgdfgd"}
Fri Mar 7 16:22:01 HKT 2014
{"act":"chatroommsg","uname":"acac","stime":"16:22","sendcontent":"fg"}
Fri Mar 7 16:22:01 HKT 2014
{"act":"chatroommsg","uname":"acac","stime":"16:22","sendcontent":"er"}
Fri Mar 7 16:22:02 HKT 2014
{"act":"chatroommsg","uname":"acac","stime":"16:22","sendcontent":"te"}
Fri Mar 7 16:22:02 HKT 2014
{"act":"chatroommsg","uname":"acac","stime":"16:22","sendcontent":"t"}
Fri Mar 7 16:22:02 HKT 2014
{"act":"chatroommsg","uname":"acac","stime":"16:22","sendcontent":"ert"}
Fri Mar 7 16:22:44 HKT 2014
{"players":[],"act":"userinfo"}
Fri Mar 7 16:22:44 HKT 2014
{"players":[{"id":"531981d49db02","name":"acac","rid":0,"state":0,"playerno":null,"money":1500,"offset":0}],"act":"userinfo"}
Fri Mar 7 16:23:15 HKT 2014
{"players":[],"act":"userinfo"}
Fri Mar 7 16:23:15 HKT 2014
{"players":[{"id":"531981f3ad80b","name":"acac","rid":0,"state":0,"playerno":null,"money":1500,"offset":0}],"act":"userinfo"}
Fri Mar 7 16:23:39 HKT 2014
{"players":[],"act":"userinfo"}
Fri Mar 7 16:23:39 HKT 2014
{"players":[{"id":"5319820b89757","name":"acac","rid":0,"state":0,"playerno":null,"money":1500,"offset":0}],"act":"userinfo"}
Fri Mar 7 16:23:42 HKT 2014
{"players":[],"act":"userinfo"}
Fri Mar 7 16:23:45 HKT 2014
{"players":[{"id":"5319821123bae","name":"acac","rid":0,"state":0,"playerno":null,"money":1500,"offset":0}],"act":"userinfo"}
Fri Mar 7 16:23:46 HKT 2014
{"players":[],"act":"userinfo"}
Fri Mar 7 16:23:46 HKT 2014
{"players":[{"id":"531982123f93e","name":"acac","rid":0,"state":0,"playerno":null,"money":1500,"offset":0}],"act":"userinfo"}
Fri Mar 7 16:36:34 HKT 2014
{"players":[],"act":"userinfo"}
Fri Mar 7 16:36:36 HKT 2014
{"players":[{"id":"5319851420948","name":"acac","rid":0,"state":0,"playerno":null,"money":1500,"offset":0}],"act":"userinfo"}
Fri Mar 7 16:37:29 HKT 2014
{"players":[],"act":"userinfo"}
Fri Mar 7 16:37:29 HKT 2014
{"players":[{"id":"53198549de4bc","name":"acac","rid":0,"state":0,"playerno":null,"money":1500,"offset":0}],"act":"userinfo"}
Fri Mar 7 16:52:03 HKT 2014
{"players":[],"act":"userinfo"}
Fri Mar 7 17:14:25 HKT 2014
{"players":[{"id":"53198df0d9d36","name":"acac","rid":0,"state":0,"playerno":null,"money":1500,"offset":0}],"act":"userinfo"}
Fri Mar 7 17:14:51 HKT 2014
{"players":[],"act":"userinfo"}
Fri Mar 7 17:14:51 HKT 2014
{"players":[{"id":"53198e0b90f4d","name":"acac","rid":0,"state":0,"playerno":null,"money":1500,"offset":0}],"act":"userinfo"}
Fri Mar 7 17:15:50 HKT 2014
{"players":[],"act":"userinfo"}
Fri Mar 7 17:15:51 HKT 2014
{"players":[{"id":"53198e4716fc0","name":"acac","rid":0,"state":0,"playerno":null,"money":1500,"offset":0}],"act":"userinfo"}
Fri Mar 7 17:15:52 HKT 2014
{"players":[],"act":"userinfo"}
Fri Mar 7 17:15:59 HKT 2014
{"players":[{"id":"53198e4fdf0f1","name":"123","rid":0,"state":0,"playerno":null,"money":1500,"offset":0}],"act":"userinfo"}
Fri Mar 7 17:16:10 HKT 2014
{"players":[],"act":"userinfo"}
Fri Mar 7 17:16:11 HKT 2014
{"players":[{"id":"53198e5b2a8d5","name":"123","rid":0,"state":0,"playerno":null,"money":1500,"offset":0}],"act":"userinfo"}
Fri Mar 7 17:17:58 HKT 2014
{"players":[{"id":"53198e5b2a8d5","name":"123","rid":0,"state":0,"playerno":null,"money":1500,"offset":0}],"act":"userinfo"}
Fri Mar 7 17:17:58 HKT 2014
{"players":[{"id":"53198e5b2a8d5","name":"123","rid":0,"state":0,"playerno":null,"money":1500,"offset":0}],"act":"userinfo"}
Fri Mar 7 17:17:59 HKT 2014
{"players":[{"id":"53198e5b2a8d5","name":"123","rid":0,"state":0,"playerno":null,"money":1500,"offset":0}],"act":"userinfo"}
Fri Mar 7 17:20:01 HKT 2014
{"players":[],"act":"userinfo"}
Fri Mar 7 17:20:03 HKT 2014
{"players":[{"id":"53198f43bf8d5","name":"123","rid":0,"state":0,"playerno":null,"money":1500,"offset":0}],"act":"userinfo"}
Fri Mar 7 17:20:09 HKT 2014
{"players":[],"act":"userinfo"}
Fri Mar 7 23:40:55 HKT 2014
{"players":[{"id":"5319e886ebcd1","name":"123","rid":0,"state":0,"playerno":null,"money":1500,"offset":0}],"act":"userinfo"}
Fri Mar 7 23:40:58 HKT 2014
{"players":[{"id":"5319e886ebcd1","name":"123","rid":0,"state":0,"playerno":null,"money":1500,"offset":0}],"act":"userinfo"}
Fri Mar 7 23:40:58 HKT 2014
{"players":[{"id":"5319e886ebcd1","name":"123","rid":0,"state":0,"playerno":null,"money":1500,"offset":0}],"act":"userinfo"}
Fri Mar 7 23:40:59 HKT 2014
{"players":[{"id":"5319e886ebcd1","name":"123","rid":0,"state":0,"playerno":null,"money":1500,"offset":0}],"act":"userinfo"}
Fri Mar 7 23:45:36 HKT 2014
{"players":[],"act":"userinfo"}
