Tue Apr 1 11:19:39 HKT 2014
{"act":"roomplayer","players":[{"id":"533a304b1045b","name":"aaa","dname":"aaa1","rid":31,"state":0,"playerno":7,"money":1500,"offset":0}]}
Tue Apr 1 11:19:39 HKT 2014
{"act":"roomlist","roomlist":[{"rid":"35","0":"35","name":"testpw","1":"testpw","password":"a9993e364706816aba3e25717850c26c9cd0d89d","2":"a9993e364706816aba3e25717850c26c9cd0d89d","playercount":"2","3":"2"},{"rid":"34","0":"34","name":"eqweqwe","1":"eqweqwe","password":"da39a3ee5e6b4b0d3255bfef95601890afd80709","2":"da39a3ee5e6b4b0d3255bfef95601890afd80709","playercount":"3","3":"3"},{"rid":"28","0":"28","name":"qeqeqe","1":"qeqeqe","password":"da39a3ee5e6b4b0d3255bfef95601890afd80709","2":"da39a3ee5e6b4b0d3255bfef95601890afd80709","playercount":"3","3":"3"},{"rid":"24","0":"24","name":"12345","1":"12345","password":"da39a3ee5e6b4b0d3255bfef95601890afd80709","2":"da39a3ee5e6b4b0d3255bfef95601890afd80709","playercount":"3","3":"3"}]}
Tue Apr 1 11:19:39 HKT 2014
{"players":[{"id":"533a304b1045b","name":"aaa","dname":"aaa1","rid":31,"state":0,"playerno":7,"money":1500,"offset":0}],"act":"userinfo"}
Tue Apr 1 11:21:26 HKT 2014
{"act":"roomplayer","players":[]}
Tue Apr 1 11:21:26 HKT 2014
{"act":"roomlist","roomlist":[{"rid":"35","0":"35","name":"testpw","1":"testpw","password":"a9993e364706816aba3e25717850c26c9cd0d89d","2":"a9993e364706816aba3e25717850c26c9cd0d89d","playercount":"2","3":"2"},{"rid":"34","0":"34","name":"eqweqwe","1":"eqweqwe","password":"da39a3ee5e6b4b0d3255bfef95601890afd80709","2":"da39a3ee5e6b4b0d3255bfef95601890afd80709","playercount":"3","3":"3"},{"rid":"28","0":"28","name":"qeqeqe","1":"qeqeqe","password":"da39a3ee5e6b4b0d3255bfef95601890afd80709","2":"da39a3ee5e6b4b0d3255bfef95601890afd80709","playercount":"3","3":"3"},{"rid":"24","0":"24","name":"12345","1":"12345","password":"da39a3ee5e6b4b0d3255bfef95601890afd80709","2":"da39a3ee5e6b4b0d3255bfef95601890afd80709","playercount":"3","3":"3"}]}
Tue Apr 1 11:21:26 HKT 2014
{"players":[],"act":"userinfo"}
Tue Apr 1 11:21:26 HKT 2014
{"act":"roomplayer","players":[{"id":"533a30b6a7be9","name":"aaa","dname":"aaa1","rid":31,"state":0,"playerno":7,"money":1500,"offset":0}]}
Tue Apr 1 11:21:26 HKT 2014
{"act":"roomlist","roomlist":[{"rid":"35","0":"35","name":"testpw","1":"testpw","password":"a9993e364706816aba3e25717850c26c9cd0d89d","2":"a9993e364706816aba3e25717850c26c9cd0d89d","playercount":"2","3":"2"},{"rid":"34","0":"34","name":"eqweqwe","1":"eqweqwe","password":"da39a3ee5e6b4b0d3255bfef95601890afd80709","2":"da39a3ee5e6b4b0d3255bfef95601890afd80709","playercount":"3","3":"3"},{"rid":"28","0":"28","name":"qeqeqe","1":"qeqeqe","password":"da39a3ee5e6b4b0d3255bfef95601890afd80709","2":"da39a3ee5e6b4b0d3255bfef95601890afd80709","playercount":"3","3":"3"},{"rid":"24","0":"24","name":"12345","1":"12345","password":"da39a3ee5e6b4b0d3255bfef95601890afd80709","2":"da39a3ee5e6b4b0d3255bfef95601890afd80709","playercount":"3","3":"3"}]}
Tue Apr 1 11:21:26 HKT 2014
{"players":[{"id":"533a30b6a7be9","name":"aaa","dname":"aaa1","rid":31,"state":0,"playerno":7,"money":1500,"offset":0}],"act":"userinfo"}
Tue Apr 1 11:21:29 HKT 2014
{"act":"roomplayer","players":[]}
Tue Apr 1 11:21:29 HKT 2014
{"act":"roomlist","roomlist":[{"rid":"35","0":"35","name":"testpw","1":"testpw","password":"a9993e364706816aba3e25717850c26c9cd0d89d","2":"a9993e364706816aba3e25717850c26c9cd0d89d","playercount":"2","3":"2"},{"rid":"34","0":"34","name":"eqweqwe","1":"eqweqwe","password":"da39a3ee5e6b4b0d3255bfef95601890afd80709","2":"da39a3ee5e6b4b0d3255bfef95601890afd80709","playercount":"3","3":"3"},{"rid":"28","0":"28","name":"qeqeqe","1":"qeqeqe","password":"da39a3ee5e6b4b0d3255bfef95601890afd80709","2":"da39a3ee5e6b4b0d3255bfef95601890afd80709","playercount":"3","3":"3"},{"rid":"24","0":"24","name":"12345","1":"12345","password":"da39a3ee5e6b4b0d3255bfef95601890afd80709","2":"da39a3ee5e6b4b0d3255bfef95601890afd80709","playercount":"3","3":"3"}]}
Tue Apr 1 11:21:29 HKT 2014
{"players":[],"act":"userinfo"}
Tue Apr 1 11:21:30 HKT 2014
{"act":"roomplayer","players":[{"id":"533a30ba11121","name":"aaa","dname":"aaa1","rid":311,"state":0,"playerno":1,"money":1500,"offset":0}]}
Tue Apr 1 11:21:30 HKT 2014
{"act":"roomlist","roomlist":[{"rid":"35","0":"35","name":"testpw","1":"testpw","password":"a9993e364706816aba3e25717850c26c9cd0d89d","2":"a9993e364706816aba3e25717850c26c9cd0d89d","playercount":"2","3":"2"},{"rid":"34","0":"34","name":"eqweqwe","1":"eqweqwe","password":"da39a3ee5e6b4b0d3255bfef95601890afd80709","2":"da39a3ee5e6b4b0d3255bfef95601890afd80709","playercount":"3","3":"3"},{"rid":"28","0":"28","name":"qeqeqe","1":"qeqeqe","password":"da39a3ee5e6b4b0d3255bfef95601890afd80709","2":"da39a3ee5e6b4b0d3255bfef95601890afd80709","playercount":"3","3":"3"},{"rid":"24","0":"24","name":"12345","1":"12345","password":"da39a3ee5e6b4b0d3255bfef95601890afd80709","2":"da39a3ee5e6b4b0d3255bfef95601890afd80709","playercount":"3","3":"3"}]}
Tue Apr 1 11:21:30 HKT 2014
{"players":[{"id":"533a30ba11121","name":"aaa","dname":"aaa1","rid":311,"state":0,"playerno":1,"money":1500,"offset":0}],"act":"userinfo"}
Tue Apr 1 11:21:38 HKT 2014
{"act":"roomplayer","players":[]}
Tue Apr 1 11:21:38 HKT 2014
{"act":"roomlist","roomlist":[{"rid":"35","0":"35","name":"testpw","1":"testpw","password":"a9993e364706816aba3e25717850c26c9cd0d89d","2":"a9993e364706816aba3e25717850c26c9cd0d89d","playercount":"2","3":"2"},{"rid":"34","0":"34","name":"eqweqwe","1":"eqweqwe","password":"da39a3ee5e6b4b0d3255bfef95601890afd80709","2":"da39a3ee5e6b4b0d3255bfef95601890afd80709","playercount":"3","3":"3"},{"rid":"28","0":"28","name":"qeqeqe","1":"qeqeqe","password":"da39a3ee5e6b4b0d3255bfef95601890afd80709","2":"da39a3ee5e6b4b0d3255bfef95601890afd80709","playercount":"3","3":"3"},{"rid":"24","0":"24","name":"12345","1":"12345","password":"da39a3ee5e6b4b0d3255bfef95601890afd80709","2":"da39a3ee5e6b4b0d3255bfef95601890afd80709","playercount":"3","3":"3"}]}
Tue Apr 1 11:21:38 HKT 2014
{"players":[],"act":"userinfo"}
Tue Apr 1 11:21:38 HKT 2014
{"act":"roomplayer","players":[{"id":"533a30c281afe","name":"aaa","dname":"aaa1","rid":311,"state":0,"playerno":1,"money":1500,"offset":0}]}
Tue Apr 1 11:21:38 HKT 2014
{"act":"roomlist","roomlist":[{"rid":"35","0":"35","name":"testpw","1":"testpw","password":"a9993e364706816aba3e25717850c26c9cd0d89d","2":"a9993e364706816aba3e25717850c26c9cd0d89d","playercount":"2","3":"2"},{"rid":"34","0":"34","name":"eqweqwe","1":"eqweqwe","password":"da39a3ee5e6b4b0d3255bfef95601890afd80709","2":"da39a3ee5e6b4b0d3255bfef95601890afd80709","playercount":"3","3":"3"},{"rid":"28","0":"28","name":"qeqeqe","1":"qeqeqe","password":"da39a3ee5e6b4b0d3255bfef95601890afd80709","2":"da39a3ee5e6b4b0d3255bfef95601890afd80709","playercount":"3","3":"3"},{"rid":"24","0":"24","name":"12345","1":"12345","password":"da39a3ee5e6b4b0d3255bfef95601890afd80709","2":"da39a3ee5e6b4b0d3255bfef95601890afd80709","playercount":"3","3":"3"}]}
Tue Apr 1 11:21:38 HKT 2014
{"players":[{"id":"533a30c281afe","name":"aaa","dname":"aaa1","rid":311,"state":0,"playerno":1,"money":1500,"offset":0}],"act":"userinfo"}
Tue Apr 1 11:21:40 HKT 2014
{"act":"roomplayer","players":[]}
Tue Apr 1 11:21:40 HKT 2014
{"act":"roomlist","roomlist":[{"rid":"35","0":"35","name":"testpw","1":"testpw","password":"a9993e364706816aba3e25717850c26c9cd0d89d","2":"a9993e364706816aba3e25717850c26c9cd0d89d","playercount":"2","3":"2"},{"rid":"34","0":"34","name":"eqweqwe","1":"eqweqwe","password":"da39a3ee5e6b4b0d3255bfef95601890afd80709","2":"da39a3ee5e6b4b0d3255bfef95601890afd80709","playercount":"3","3":"3"},{"rid":"28","0":"28","name":"qeqeqe","1":"qeqeqe","password":"da39a3ee5e6b4b0d3255bfef95601890afd80709","2":"da39a3ee5e6b4b0d3255bfef95601890afd80709","playercount":"3","3":"3"},{"rid":"24","0":"24","name":"12345","1":"12345","password":"da39a3ee5e6b4b0d3255bfef95601890afd80709","2":"da39a3ee5e6b4b0d3255bfef95601890afd80709","playercount":"3","3":"3"}]}
Tue Apr 1 11:21:40 HKT 2014
{"players":[],"act":"userinfo"}
Tue Apr 1 11:21:40 HKT 2014
{"act":"roomplayer","players":[{"id":"533a30c483698","name":"aaa","dname":"aaa1","rid":311,"state":0,"playerno":1,"money":1500,"offset":0}]}
Tue Apr 1 11:21:40 HKT 2014
{"act":"roomlist","roomlist":[{"rid":"35","0":"35","name":"testpw","1":"testpw","password":"a9993e364706816aba3e25717850c26c9cd0d89d","2":"a9993e364706816aba3e25717850c26c9cd0d89d","playercount":"2","3":"2"},{"rid":"34","0":"34","name":"eqweqwe","1":"eqweqwe","password":"da39a3ee5e6b4b0d3255bfef95601890afd80709","2":"da39a3ee5e6b4b0d3255bfef95601890afd80709","playercount":"3","3":"3"},{"rid":"28","0":"28","name":"qeqeqe","1":"qeqeqe","password":"da39a3ee5e6b4b0d3255bfef95601890afd80709","2":"da39a3ee5e6b4b0d3255bfef95601890afd80709","playercount":"3","3":"3"},{"rid":"24","0":"24","name":"12345","1":"12345","password":"da39a3ee5e6b4b0d3255bfef95601890afd80709","2":"da39a3ee5e6b4b0d3255bfef95601890afd80709","playercount":"3","3":"3"}]}
Tue Apr 1 11:21:40 HKT 2014
{"players":[{"id":"533a30c483698","name":"aaa","dname":"aaa1","rid":311,"state":0,"playerno":1,"money":1500,"offset":0}],"act":"userinfo"}
Tue Apr 1 11:26:32 HKT 2014
{"players":[{"id":"533a30c483698","name":"aaa","dname":"aaa1","rid":311,"state":0,"playerno":1,"money":1500,"offset":0},{"id":"533a31e83cefe","name":"bbb","dname":"bbb1","rid":0,"state":0,"playerno":null,"money":1500,"offset":0}],"act":"userinfo"}
Tue Apr 1 11:28:16 HKT 2014
{"players":[{"id":"533a30c483698","name":"aaa","dname":"aaa1","rid":311,"state":0,"playerno":1,"money":1500,"offset":0}],"act":"userinfo"}
Tue Apr 1 11:28:16 HKT 2014
{"players":[{"id":"533a30c483698","name":"aaa","dname":"aaa1","rid":311,"state":0,"playerno":1,"money":1500,"offset":0},{"id":"533a3250cb11d","name":"bbb","dname":"bbb1","rid":0,"state":0,"playerno":null,"money":1500,"offset":0}],"act":"userinfo"}
Tue Apr 1 11:28:22 HKT 2014
{"act":"roomplayer","players":[]}
Tue Apr 1 11:28:22 HKT 2014
{"act":"roomlist","roomlist":[{"rid":"35","0":"35","name":"testpw","1":"testpw","password":"a9993e364706816aba3e25717850c26c9cd0d89d","2":"a9993e364706816aba3e25717850c26c9cd0d89d","playercount":"2","3":"2"},{"rid":"34","0":"34","name":"eqweqwe","1":"eqweqwe","password":"da39a3ee5e6b4b0d3255bfef95601890afd80709","2":"da39a3ee5e6b4b0d3255bfef95601890afd80709","playercount":"3","3":"3"},{"rid":"28","0":"28","name":"qeqeqe","1":"qeqeqe","password":"da39a3ee5e6b4b0d3255bfef95601890afd80709","2":"da39a3ee5e6b4b0d3255bfef95601890afd80709","playercount":"3","3":"3"},{"rid":"24","0":"24","name":"12345","1":"12345","password":"da39a3ee5e6b4b0d3255bfef95601890afd80709","2":"da39a3ee5e6b4b0d3255bfef95601890afd80709","playercount":"3","3":"3"}]}
Tue Apr 1 11:28:22 HKT 2014
{"players":[{"id":"533a3250cb11d","name":"bbb","dname":"bbb1","rid":0,"state":0,"playerno":null,"money":1500,"offset":0}],"act":"userinfo"}
Tue Apr 1 11:28:47 HKT 2014
{"players":[{"id":"533a3250cb11d","name":"bbb","dname":"bbb1","rid":0,"state":0,"playerno":null,"money":1500,"offset":0},{"id":"533a326fce2e9","name":"aaa","dname":"aaa1","rid":0,"state":0,"playerno":null,"money":1500,"offset":0}],"act":"userinfo"}
Tue Apr 1 11:28:48 HKT 2014
{"players":[{"id":"533a3250cb11d","name":"bbb","dname":"bbb1","rid":0,"state":0,"playerno":null,"money":1500,"offset":0}],"act":"userinfo"}
Tue Apr 1 11:28:49 HKT 2014
{"act":"roomplayer","players":[{"id":"533a327105042","name":"aaa","dname":"aaa1","rid":28,"state":0,"playerno":4,"money":1500,"offset":0}]}
Tue Apr 1 11:28:49 HKT 2014
{"act":"roomlist","roomlist":[{"rid":"35","0":"35","name":"testpw","1":"testpw","password":"a9993e364706816aba3e25717850c26c9cd0d89d","2":"a9993e364706816aba3e25717850c26c9cd0d89d","playercount":"2","3":"2"},{"rid":"34","0":"34","name":"eqweqwe","1":"eqweqwe","password":"da39a3ee5e6b4b0d3255bfef95601890afd80709","2":"da39a3ee5e6b4b0d3255bfef95601890afd80709","playercount":"3","3":"3"},{"rid":"24","0":"24","name":"12345","1":"12345","password":"da39a3ee5e6b4b0d3255bfef95601890afd80709","2":"da39a3ee5e6b4b0d3255bfef95601890afd80709","playercount":"3","3":"3"},{"rid":"4","0":"4","name":"fdgdfg","1":"fdgdfg","password":"da39a3ee5e6b4b0d3255bfef95601890afd80709","2":"da39a3ee5e6b4b0d3255bfef95601890afd80709","playercount":"3","3":"3"}]}
Tue Apr 1 11:28:49 HKT 2014
{"players":[{"id":"533a3250cb11d","name":"bbb","dname":"bbb1","rid":0,"state":0,"playerno":null,"money":1500,"offset":0},{"id":"533a327105042","name":"aaa","dname":"aaa1","rid":28,"state":0,"playerno":4,"money":1500,"offset":0}],"act":"userinfo"}
Tue Apr 1 11:28:56 HKT 2014
{"players":[{"id":"533a327105042","name":"aaa","dname":"aaa1","rid":28,"state":0,"playerno":4,"money":1500,"offset":0}],"act":"userinfo"}
Tue Apr 1 11:28:57 HKT 2014
{"players":[{"id":"533a327105042","name":"aaa","dname":"aaa1","rid":28,"state":0,"playerno":4,"money":1500,"offset":0},{"id":"533a327956022","name":"bbb","dname":"bbb1","rid":0,"state":0,"playerno":null,"money":1500,"offset":0}],"act":"userinfo"}
Tue Apr 1 11:29:00 HKT 2014
{"players":[{"id":"533a327105042","name":"aaa","dname":"aaa1","rid":28,"state":0,"playerno":4,"money":1500,"offset":0}],"act":"userinfo"}
Tue Apr 1 11:29:00 HKT 2014
{"players":[{"id":"533a327105042","name":"aaa","dname":"aaa1","rid":28,"state":0,"playerno":4,"money":1500,"offset":0},{"id":"533a327c81d0c","name":"bbb","dname":"bbb1","rid":0,"state":0,"playerno":null,"money":1500,"offset":0}],"act":"userinfo"}
Tue Apr 1 11:29:42 HKT 2014
{"act":"roomplayer","players":[]}
Tue Apr 1 11:29:42 HKT 2014
{"act":"roomlist","roomlist":[{"rid":"35","0":"35","name":"testpw","1":"testpw","password":"a9993e364706816aba3e25717850c26c9cd0d89d","2":"a9993e364706816aba3e25717850c26c9cd0d89d","playercount":"2","3":"2"},{"rid":"34","0":"34","name":"eqweqwe","1":"eqweqwe","password":"da39a3ee5e6b4b0d3255bfef95601890afd80709","2":"da39a3ee5e6b4b0d3255bfef95601890afd80709","playercount":"3","3":"3"},{"rid":"28","0":"28","name":"qeqeqe","1":"qeqeqe","password":"da39a3ee5e6b4b0d3255bfef95601890afd80709","2":"da39a3ee5e6b4b0d3255bfef95601890afd80709","playercount":"3","3":"3"},{"rid":"24","0":"24","name":"12345","1":"12345","password":"da39a3ee5e6b4b0d3255bfef95601890afd80709","2":"da39a3ee5e6b4b0d3255bfef95601890afd80709","playercount":"3","3":"3"}]}
Tue Apr 1 11:29:42 HKT 2014
{"players":[{"id":"533a327c81d0c","name":"bbb","dname":"bbb1","rid":0,"state":0,"playerno":null,"money":1500,"offset":0}],"act":"userinfo"}
Tue Apr 1 11:29:43 HKT 2014
{"act":"roomplayer","players":[{"id":"533a32a7462b4","name":"aaa","dname":"aaa1","rid":28,"state":0,"playerno":4,"money":1500,"offset":0}]}
Tue Apr 1 11:29:43 HKT 2014
{"act":"roomlist","roomlist":[{"rid":"35","0":"35","name":"testpw","1":"testpw","password":"a9993e364706816aba3e25717850c26c9cd0d89d","2":"a9993e364706816aba3e25717850c26c9cd0d89d","playercount":"2","3":"2"},{"rid":"34","0":"34","name":"eqweqwe","1":"eqweqwe","password":"da39a3ee5e6b4b0d3255bfef95601890afd80709","2":"da39a3ee5e6b4b0d3255bfef95601890afd80709","playercount":"3","3":"3"},{"rid":"24","0":"24","name":"12345","1":"12345","password":"da39a3ee5e6b4b0d3255bfef95601890afd80709","2":"da39a3ee5e6b4b0d3255bfef95601890afd80709","playercount":"3","3":"3"},{"rid":"4","0":"4","name":"fdgdfg","1":"fdgdfg","password":"da39a3ee5e6b4b0d3255bfef95601890afd80709","2":"da39a3ee5e6b4b0d3255bfef95601890afd80709","playercount":"3","3":"3"}]}
Tue Apr 1 11:29:43 HKT 2014
{"players":[{"id":"533a327c81d0c","name":"bbb","dname":"bbb1","rid":0,"state":0,"playerno":null,"money":1500,"offset":0},{"id":"533a32a7462b4","name":"aaa","dname":"aaa1","rid":28,"state":0,"playerno":4,"money":1500,"offset":0}],"act":"userinfo"}
Tue Apr 1 11:29:48 HKT 2014
{"players":[{"id":"533a32a7462b4","name":"aaa","dname":"aaa1","rid":28,"state":0,"playerno":4,"money":1500,"offset":0}],"act":"userinfo"}
Tue Apr 1 11:29:49 HKT 2014
{"players":[{"id":"533a32a7462b4","name":"aaa","dname":"aaa1","rid":28,"state":0,"playerno":4,"money":1500,"offset":0},{"id":"533a32ad1e81a","name":"bbb","dname":"bbb1","rid":0,"state":0,"playerno":null,"money":1500,"offset":0}],"act":"userinfo"}
Tue Apr 1 11:30:30 HKT 2014
{"players":[{"id":"533a32a7462b4","name":"aaa","dname":"aaa1","rid":28,"state":0,"playerno":4,"money":1500,"offset":0}],"act":"userinfo"}
Tue Apr 1 11:30:30 HKT 2014
{"players":[{"id":"533a32a7462b4","name":"aaa","dname":"aaa1","rid":28,"state":0,"playerno":4,"money":1500,"offset":0},{"id":"533a32d677ae5","name":"bbb","dname":"bbb1","rid":0,"state":0,"playerno":null,"money":1500,"offset":0}],"act":"userinfo"}
Tue Apr 1 11:31:03 HKT 2014
{"players":[{"id":"533a32a7462b4","name":"aaa","dname":"aaa1","rid":28,"state":0,"playerno":4,"money":1500,"offset":0}],"act":"userinfo"}
Tue Apr 1 11:31:04 HKT 2014
{"players":[{"id":"533a32a7462b4","name":"aaa","dname":"aaa1","rid":28,"state":0,"playerno":4,"money":1500,"offset":0},{"id":"533a32f7dc16d","name":"bbb","dname":"bbb1","rid":0,"state":0,"playerno":null,"money":1500,"offset":0}],"act":"userinfo"}
Tue Apr 1 11:35:01 HKT 2014
{"players":[{"id":"533a32a7462b4","name":"aaa","dname":"aaa1","rid":28,"state":0,"playerno":4,"money":1500,"offset":0}],"act":"userinfo"}
Tue Apr 1 11:35:01 HKT 2014
{"players":[{"id":"533a32a7462b4","name":"aaa","dname":"aaa1","rid":28,"state":0,"playerno":4,"money":1500,"offset":0},{"id":"533a33e5aa1ad","name":"bbb","dname":"bbb1","rid":0,"state":0,"playerno":null,"money":1500,"offset":0}],"act":"userinfo"}
Tue Apr 1 11:35:07 HKT 2014
{"players":[{"id":"533a32a7462b4","name":"aaa","dname":"aaa1","rid":28,"state":0,"playerno":4,"money":1500,"offset":0}],"act":"userinfo"}
Tue Apr 1 11:35:07 HKT 2014
{"act":"roomplayer","players":[{"id":"533a32a7462b4","name":"aaa","dname":"aaa1","rid":28,"state":0,"playerno":4,"money":1500,"offset":0},{"id":"533a33eb4e61f","name":"bbb","dname":"bbb1","rid":28,"state":0,"playerno":5,"money":1500,"offset":0}]}
Tue Apr 1 11:35:07 HKT 2014
{"act":"roomlist","roomlist":[{"rid":"35","0":"35","name":"testpw","1":"testpw","password":"a9993e364706816aba3e25717850c26c9cd0d89d","2":"a9993e364706816aba3e25717850c26c9cd0d89d","playercount":"2","3":"2"},{"rid":"34","0":"34","name":"eqweqwe","1":"eqweqwe","password":"da39a3ee5e6b4b0d3255bfef95601890afd80709","2":"da39a3ee5e6b4b0d3255bfef95601890afd80709","playercount":"3","3":"3"},{"rid":"24","0":"24","name":"12345","1":"12345","password":"da39a3ee5e6b4b0d3255bfef95601890afd80709","2":"da39a3ee5e6b4b0d3255bfef95601890afd80709","playercount":"3","3":"3"},{"rid":"4","0":"4","name":"fdgdfg","1":"fdgdfg","password":"da39a3ee5e6b4b0d3255bfef95601890afd80709","2":"da39a3ee5e6b4b0d3255bfef95601890afd80709","playercount":"3","3":"3"}]}
Tue Apr 1 11:35:07 HKT 2014
{"players":[{"id":"533a32a7462b4","name":"aaa","dname":"aaa1","rid":28,"state":0,"playerno":4,"money":1500,"offset":0},{"id":"533a33eb4e61f","name":"bbb","dname":"bbb1","rid":28,"state":0,"playerno":5,"money":1500,"offset":0}],"act":"userinfo"}
Tue Apr 1 11:35:10 HKT 2014
{"act":"roomplayer","players":[{"id":"533a32a7462b4","name":"aaa","dname":"aaa1","rid":28,"state":0,"playerno":4,"money":1500,"offset":0}]}
Tue Apr 1 11:35:10 HKT 2014
{"act":"roomlist","roomlist":[{"rid":"35","0":"35","name":"testpw","1":"testpw","password":"a9993e364706816aba3e25717850c26c9cd0d89d","2":"a9993e364706816aba3e25717850c26c9cd0d89d","playercount":"2","3":"2"},{"rid":"34","0":"34","name":"eqweqwe","1":"eqweqwe","password":"da39a3ee5e6b4b0d3255bfef95601890afd80709","2":"da39a3ee5e6b4b0d3255bfef95601890afd80709","playercount":"3","3":"3"},{"rid":"24","0":"24","name":"12345","1":"12345","password":"da39a3ee5e6b4b0d3255bfef95601890afd80709","2":"da39a3ee5e6b4b0d3255bfef95601890afd80709","playercount":"3","3":"3"},{"rid":"4","0":"4","name":"fdgdfg","1":"fdgdfg","password":"da39a3ee5e6b4b0d3255bfef95601890afd80709","2":"da39a3ee5e6b4b0d3255bfef95601890afd80709","playercount":"3","3":"3"}]}
Tue Apr 1 11:35:10 HKT 2014
{"players":[{"id":"533a32a7462b4","name":"aaa","dname":"aaa1","rid":28,"state":0,"playerno":4,"money":1500,"offset":0}],"act":"userinfo"}
Tue Apr 1 11:35:13 HKT 2014
{"act":"roomplayer","players":[]}
Tue Apr 1 11:35:13 HKT 2014
{"act":"roomlist","roomlist":[{"rid":"35","0":"35","name":"testpw","1":"testpw","password":"a9993e364706816aba3e25717850c26c9cd0d89d","2":"a9993e364706816aba3e25717850c26c9cd0d89d","playercount":"2","3":"2"},{"rid":"34","0":"34","name":"eqweqwe","1":"eqweqwe","password":"da39a3ee5e6b4b0d3255bfef95601890afd80709","2":"da39a3ee5e6b4b0d3255bfef95601890afd80709","playercount":"3","3":"3"},{"rid":"28","0":"28","name":"qeqeqe","1":"qeqeqe","password":"da39a3ee5e6b4b0d3255bfef95601890afd80709","2":"da39a3ee5e6b4b0d3255bfef95601890afd80709","playercount":"3","3":"3"},{"rid":"24","0":"24","name":"12345","1":"12345","password":"da39a3ee5e6b4b0d3255bfef95601890afd80709","2":"da39a3ee5e6b4b0d3255bfef95601890afd80709","playercount":"3","3":"3"}]}
Tue Apr 1 11:35:13 HKT 2014
{"players":[],"act":"userinfo"}
Tue Apr 1 11:51:04 HKT 2014
{"players":[{"id":"533a37a7ea427","name":"aaa","dname":"aaa1","rid":0,"state":0,"playerno":null,"money":1500,"offset":0}],"act":"userinfo"}
Tue Apr 1 11:51:16 HKT 2014
{"players":[],"act":"userinfo"}
Tue Apr 1 11:51:16 HKT 2014
{"act":"roomplayer","players":[{"id":"533a37b43cb94","name":"aaa","dname":"aaa1","rid":28,"state":0,"playerno":4,"money":1500,"offset":0}]}
Tue Apr 1 11:51:16 HKT 2014
{"act":"roomlist","roomlist":[{"rid":"35","0":"35","name":"testpw","1":"testpw","password":"a9993e364706816aba3e25717850c26c9cd0d89d","2":"a9993e364706816aba3e25717850c26c9cd0d89d","playercount":"2","3":"2"},{"rid":"34","0":"34","name":"eqweqwe","1":"eqweqwe","password":"da39a3ee5e6b4b0d3255bfef95601890afd80709","2":"da39a3ee5e6b4b0d3255bfef95601890afd80709","playercount":"3","3":"3"},{"rid":"24","0":"24","name":"12345","1":"12345","password":"da39a3ee5e6b4b0d3255bfef95601890afd80709","2":"da39a3ee5e6b4b0d3255bfef95601890afd80709","playercount":"3","3":"3"},{"rid":"4","0":"4","name":"fdgdfg","1":"fdgdfg","password":"da39a3ee5e6b4b0d3255bfef95601890afd80709","2":"da39a3ee5e6b4b0d3255bfef95601890afd80709","playercount":"3","3":"3"}]}
Tue Apr 1 11:51:16 HKT 2014
{"players":[{"id":"533a37b43cb94","name":"aaa","dname":"aaa1","rid":28,"state":0,"playerno":4,"money":1500,"offset":0}],"act":"userinfo"}
Tue Apr 1 11:51:51 HKT 2014
{"act":"roomplayer","players":[]}
Tue Apr 1 11:51:51 HKT 2014
{"act":"roomlist","roomlist":[{"rid":"35","0":"35","name":"testpw","1":"testpw","password":"a9993e364706816aba3e25717850c26c9cd0d89d","2":"a9993e364706816aba3e25717850c26c9cd0d89d","playercount":"2","3":"2"},{"rid":"34","0":"34","name":"eqweqwe","1":"eqweqwe","password":"da39a3ee5e6b4b0d3255bfef95601890afd80709","2":"da39a3ee5e6b4b0d3255bfef95601890afd80709","playercount":"3","3":"3"},{"rid":"28","0":"28","name":"qeqeqe","1":"qeqeqe","password":"da39a3ee5e6b4b0d3255bfef95601890afd80709","2":"da39a3ee5e6b4b0d3255bfef95601890afd80709","playercount":"3","3":"3"},{"rid":"24","0":"24","name":"12345","1":"12345","password":"da39a3ee5e6b4b0d3255bfef95601890afd80709","2":"da39a3ee5e6b4b0d3255bfef95601890afd80709","playercount":"3","3":"3"}]}
Tue Apr 1 11:51:51 HKT 2014
{"players":[],"act":"userinfo"}
Tue Apr 1 11:51:52 HKT 2014
{"act":"roomplayer","players":[{"id":"533a37d7db4c1","name":"aaa","dname":"aaa1","rid":28,"state":0,"playerno":4,"money":1500,"offset":0}]}
Tue Apr 1 11:51:52 HKT 2014
{"act":"roomlist","roomlist":[{"rid":"35","0":"35","name":"testpw","1":"testpw","password":"a9993e364706816aba3e25717850c26c9cd0d89d","2":"a9993e364706816aba3e25717850c26c9cd0d89d","playercount":"2","3":"2"},{"rid":"34","0":"34","name":"eqweqwe","1":"eqweqwe","password":"da39a3ee5e6b4b0d3255bfef95601890afd80709","2":"da39a3ee5e6b4b0d3255bfef95601890afd80709","playercount":"3","3":"3"},{"rid":"24","0":"24","name":"12345","1":"12345","password":"da39a3ee5e6b4b0d3255bfef95601890afd80709","2":"da39a3ee5e6b4b0d3255bfef95601890afd80709","playercount":"3","3":"3"},{"rid":"4","0":"4","name":"fdgdfg","1":"fdgdfg","password":"da39a3ee5e6b4b0d3255bfef95601890afd80709","2":"da39a3ee5e6b4b0d3255bfef95601890afd80709","playercount":"3","3":"3"}]}
Tue Apr 1 11:51:52 HKT 2014
{"players":[{"id":"533a37d7db4c1","name":"aaa","dname":"aaa1","rid":28,"state":0,"playerno":4,"money":1500,"offset":0}],"act":"userinfo"}
Tue Apr 1 11:52:36 HKT 2014
{"act":"roomplayer","players":[]}
Tue Apr 1 11:52:36 HKT 2014
{"act":"roomlist","roomlist":[{"rid":"35","0":"35","name":"testpw","1":"testpw","password":"a9993e364706816aba3e25717850c26c9cd0d89d","2":"a9993e364706816aba3e25717850c26c9cd0d89d","playercount":"2","3":"2"},{"rid":"34","0":"34","name":"eqweqwe","1":"eqweqwe","password":"da39a3ee5e6b4b0d3255bfef95601890afd80709","2":"da39a3ee5e6b4b0d3255bfef95601890afd80709","playercount":"3","3":"3"},{"rid":"28","0":"28","name":"qeqeqe","1":"qeqeqe","password":"da39a3ee5e6b4b0d3255bfef95601890afd80709","2":"da39a3ee5e6b4b0d3255bfef95601890afd80709","playercount":"3","3":"3"},{"rid":"24","0":"24","name":"12345","1":"12345","password":"da39a3ee5e6b4b0d3255bfef95601890afd80709","2":"da39a3ee5e6b4b0d3255bfef95601890afd80709","playercount":"3","3":"3"}]}
Tue Apr 1 11:52:36 HKT 2014
{"players":[],"act":"userinfo"}
Tue Apr 1 11:52:36 HKT 2014
{"act":"roomplayer","players":[{"id":"533a3804a09d6","name":"aaa","dname":"aaa1","rid":28,"state":0,"playerno":4,"money":1500,"offset":0}]}
Tue Apr 1 11:52:36 HKT 2014
{"act":"roomlist","roomlist":[{"rid":"35","0":"35","name":"testpw","1":"testpw","password":"a9993e364706816aba3e25717850c26c9cd0d89d","2":"a9993e364706816aba3e25717850c26c9cd0d89d","playercount":"2","3":"2"},{"rid":"34","0":"34","name":"eqweqwe","1":"eqweqwe","password":"da39a3ee5e6b4b0d3255bfef95601890afd80709","2":"da39a3ee5e6b4b0d3255bfef95601890afd80709","playercount":"3","3":"3"},{"rid":"24","0":"24","name":"12345","1":"12345","password":"da39a3ee5e6b4b0d3255bfef95601890afd80709","2":"da39a3ee5e6b4b0d3255bfef95601890afd80709","playercount":"3","3":"3"},{"rid":"4","0":"4","name":"fdgdfg","1":"fdgdfg","password":"da39a3ee5e6b4b0d3255bfef95601890afd80709","2":"da39a3ee5e6b4b0d3255bfef95601890afd80709","playercount":"3","3":"3"}]}
Tue Apr 1 11:52:36 HKT 2014
{"players":[{"id":"533a3804a09d6","name":"aaa","dname":"aaa1","rid":28,"state":0,"playerno":4,"money":1500,"offset":0}],"act":"userinfo"}
Tue Apr 1 11:52:37 HKT 2014
{"act":"roomplayer","players":[]}
Tue Apr 1 11:52:37 HKT 2014
{"act":"roomlist","roomlist":[{"rid":"35","0":"35","name":"testpw","1":"testpw","password":"a9993e364706816aba3e25717850c26c9cd0d89d","2":"a9993e364706816aba3e25717850c26c9cd0d89d","playercount":"2","3":"2"},{"rid":"34","0":"34","name":"eqweqwe","1":"eqweqwe","password":"da39a3ee5e6b4b0d3255bfef95601890afd80709","2":"da39a3ee5e6b4b0d3255bfef95601890afd80709","playercount":"3","3":"3"},{"rid":"28","0":"28","name":"qeqeqe","1":"qeqeqe","password":"da39a3ee5e6b4b0d3255bfef95601890afd80709","2":"da39a3ee5e6b4b0d3255bfef95601890afd80709","playercount":"3","3":"3"},{"rid":"24","0":"24","name":"12345","1":"12345","password":"da39a3ee5e6b4b0d3255bfef95601890afd80709","2":"da39a3ee5e6b4b0d3255bfef95601890afd80709","playercount":"3","3":"3"}]}
Tue Apr 1 11:52:37 HKT 2014
{"players":[],"act":"userinfo"}
Tue Apr 1 11:52:37 HKT 2014
{"players":[{"id":"533a3805aa099","name":"aaa","dname":"aaa1","rid":0,"state":0,"playerno":null,"money":1500,"offset":0}],"act":"userinfo"}
Tue Apr 1 11:52:41 HKT 2014
{"players":[],"act":"userinfo"}
